INFO 2020-12-24 04:24:42,321 autoreload 30744 3956 Watching for file changes with StatReloader
DEBUG 2020-12-24 04:24:42,322 autoreload 30744 3956 Waiting for apps ready_event.
DEBUG 2020-12-24 04:24:42,382 autoreload 30744 3956 Apps ready_event triggered. Sending autoreload_started signal.
DEBUG 2020-12-24 04:24:42,383 autoreload 30744 3956 Watching dir C:\Users\dan\just_django\tryjango\locale with glob **/*.mo.
DEBUG 2020-12-24 04:24:42,383 autoreload 30744 3956 Watching dir C:\Users\dan\just_django\myenvironmen\lib\site-packages\crispy_forms\locale with glob **/*.mo.
DEBUG 2020-12-24 04:24:42,383 autoreload 30744 3956 Watching dir C:\Users\dan\just_django\tryjango\fx\locale with glob **/*.mo.
DEBUG 2020-12-24 04:24:42,758 autoreload 30744 3956 File C:\Users\dan\AppData\Local\Programs\Python\Python39\Lib\concurrent\futures\_base.py first seen with mtime 1601934402.0
DEBUG 2020-12-24 04:24:42,759 autoreload 30744 3956 File C:\Users\dan\just_django\myenvironmen\Lib\site-packages\django\utils\inspect.py first seen with mtime 1605589999.545498
DEBUG 2020-12-24 04:24:42,760 autoreload 30744 3956 File C:\Users\dan\AppData\Local\Programs\Python\Python39\DLLs\_socket.pyd first seen with mtime 1601934420.0
DEBUG 2020-12-24 04:24:42,760 autoreload 30744 3956 File C:\Users\dan\just_django\myenvironmen\Lib\site-packages\django\db\backends\__init__.py first seen with mtime 1605589999.0816975
DEBUG 2020-12-24 04:24:42,760 autoreload 30744 3956 File C:\Users\dan\AppData\Local\Programs\Python\Python39\Lib\email\encoders.py first seen with mtime 1601934402.0
DEBUG 2020-12-24 04:24:42,761 autoreload 30744 3956 File C:\Users\dan\AppData\Local\Programs\Python\Python39\Lib\token.py first seen with mtime 1601934402.0
DEBUG 2020-12-24 04:24:42,761 autoreload 30744 3956 File C:\Users\dan\just_django\myenvironmen\Lib\site-packages\django\contrib\admin\models.py first seen with mtime 1605589993.8239992
DEBUG 2020-12-24 04:24:42,761 autoreload 30744 3956 File C:\Users\dan\AppData\Local\Programs\Python\Python39\Lib\contextvars.py first seen with mtime 1601934402.0
DEBUG 2020-12-24 04:24:42,762 autoreload 30744 3956 File C:\Users\dan\AppData\Local\Programs\Python\Python39\DLLs\_asyncio.pyd first seen with mtime 1601934420.0
DEBUG 2020-12-24 04:24:42,762 autoreload 30744 3956 File C:\Users\dan\AppData\Local\Programs\Python\Python39\Lib\re.py first seen with mtime 1601934402.0
DEBUG 2020-12-24 04:24:42,763 autoreload 30744 3956 File C:\Users\dan\just_django\myenvironmen\Lib\site-packages\django\core\serializers\__init__.py first seen with mtime 1605589999.0637448
DEBUG 2020-12-24 04:24:42,763 autoreload 30744 3956 File C:\Users\dan\just_django\myenvironmen\Lib\site-packages\django\contrib\staticfiles\views.py first seen with mtime 1605589998.9011807
DEBUG 2020-12-24 04:24:42,763 autoreload 30744 3956 File C:\Users\dan\AppData\Local\Programs\Python\Python39\Lib\lzma.py first seen with mtime 1601934402.0
DEBUG 2020-12-24 04:24:42,764 autoreload 30744 3956 File C:\Users\dan\just_django\myenvironmen\Lib\site-packages\django\db\models\constraints.py first seen with mtime 1605589999.2073617
DEBUG 2020-12-24 04:24:42,764 autoreload 30744 3956 File C:\Users\dan\just_django\myenvironmen\Lib\site-packages\django\contrib\auth\urls.py first seen with mtime 1605589994.9011219
DEBUG 2020-12-24 04:24:42,764 autoreload 30744 3956 File C:\Users\dan\just_django\myenvironmen\Lib\site-packages\django\templatetags\i18n.py first seen with mtime 1605589999.470701
DEBUG 2020-12-24 04:24:42,764 autoreload 30744 3956 File C:\Users\dan\just_django\myenvironmen\Lib\site-packages\crispy_forms\utils.py first seen with mtime 1605614348.985665
DEBUG 2020-12-24 04:24:42,765 autoreload 30744 3956 File C:\Users\dan\just_django\myenvironmen\Lib\site-packages\psycopg2\extras.py first seen with mtime 1605615674.2104397
DEBUG 2020-12-24 04:24:42,765 autoreload 30744 3956 File C:\Users\dan\just_django\myenvironmen\Lib\site-packages\asgiref\sync.py first seen with mtime 1605589993.280454
DEBUG 2020-12-24 04:24:42,765 autoreload 30744 3956 File C:\Users\dan\just_django\myenvironmen\Lib\site-packages\django\views\i18n.py first seen with mtime 1605589999.5933704
DEBUG 2020-12-24 04:24:42,766 autoreload 30744 3956 File C:\Users\dan\just_django\myenvironmen\Lib\site-packages\psycopg2\extensions.py first seen with mtime 1605615674.2094414
DEBUG 2020-12-24 04:24:42,766 autoreload 30744 3956 File C:\Users\dan\just_django\myenvironmen\Lib\site-packages\django\contrib\auth\apps.py first seen with mtime 1605589994.878178
DEBUG 2020-12-24 04:24:42,766 autoreload 30744 3956 File C:\Users\dan\just_django\myenvironmen\Lib\site-packages\asgiref\local.py first seen with mtime 1605589993.2774587
DEBUG 2020-12-24 04:24:42,767 autoreload 30744 3956 File C:\Users\dan\just_django\myenvironmen\Lib\site-packages\sqlparse\exceptions.py first seen with mtime 1605589993.1687496
DEBUG 2020-12-24 04:24:42,767 autoreload 30744 3956 File C:\Users\dan\just_django\myenvironmen\Lib\site-packages\django\contrib\admin\views\__init__.py first seen with mtime 1605589994.5201352
DEBUG 2020-12-24 04:24:42,767 autoreload 30744 3956 File C:\Users\dan\AppData\Local\Programs\Python\Python39\Lib\os.py first seen with mtime 1601934402.0
DEBUG 2020-12-24 04:24:42,767 autoreload 30744 3956 File C:\Users\dan\just_django\myenvironmen\Lib\site-packages\django\template\loader_tags.py first seen with mtime 1605589999.4437726
DEBUG 2020-12-24 04:24:42,767 autoreload 30744 3956 File C:\Users\dan\just_django\myenvironmen\Lib\site-packages\django\core\signing.py first seen with mtime 1605589998.926114
DEBUG 2020-12-24 04:24:42,768 autoreload 30744 3956 File C:\Users\dan\just_django\myenvironmen\Lib\site-packages\django\db\models\options.py first seen with mtime 1605589999.2193286
DEBUG 2020-12-24 04:24:42,768 autoreload 30744 3956 File C:\Users\dan\just_django\myenvironmen\Lib\site-packages\django\contrib\sessions\apps.py first seen with mtime 1605589998.0494566
DEBUG 2020-12-24 04:24:42,768 autoreload 30744 3956 File C:\Users\dan\just_django\myenvironmen\Lib\site-packages\django\core\checks\registry.py first seen with mtime 1605589998.9550343
DEBUG 2020-12-24 04:24:42,769 autoreload 30744 3956 File C:\Users\dan\just_django\myenvironmen\Lib\site-packages\django\contrib\staticfiles\finders.py first seen with mtime 1605589998.889212
DEBUG 2020-12-24 04:24:42,769 autoreload 30744 3956 File C:\Users\dan\just_django\myenvironmen\Lib\site-packages\sqlparse\__init__.py first seen with mtime 1605589993.1657617
DEBUG 2020-12-24 04:24:42,769 autoreload 30744 3956 File C:\Users\dan\just_django\tryjango\trydjango\local_settings.py first seen with mtime 1608328080.3705158
DEBUG 2020-12-24 04:24:42,769 autoreload 30744 3956 File C:\Users\dan\just_django\myenvironmen\Lib\site-packages\django\core\files\storage.py first seen with mtime 1605589998.977975
DEBUG 2020-12-24 04:24:42,770 autoreload 30744 3956 File C:\Users\dan\just_django\myenvironmen\Lib\site-packages\django\http\multipartparser.py first seen with mtime 1605589999.4078677
DEBUG 2020-12-24 04:24:42,770 autoreload 30744 3956 File C:\Users\dan\just_django\myenvironmen\Lib\site-packages\django\contrib\auth\hashers.py first seen with mtime 1605589994.889156
DEBUG 2020-12-24 04:24:42,770 autoreload 30744 3956 File C:\Users\dan\just_django\myenvironmen\Lib\site-packages\django\db\models\functions\comparison.py first seen with mtime 1605589999.2462559
DEBUG 2020-12-24 04:24:42,770 autoreload 30744 3956 File C:\Users\dan\just_django\myenvironmen\Lib\site-packages\django\contrib\humanize\apps.py first seen with mtime 1605589996.8935492
DEBUG 2020-12-24 04:24:42,771 autoreload 30744 3956 File C:\Users\dan\AppData\Local\Programs\Python\Python39\Lib\gzip.py first seen with mtime 1601934402.0
DEBUG 2020-12-24 04:24:42,771 autoreload 30744 3956 File C:\Users\dan\just_django\myenvironmen\Lib\site-packages\asgiref\__init__.py first seen with mtime 1605589993.2734704
DEBUG 2020-12-24 04:24:42,771 autoreload 30744 3956 File C:\Users\dan\AppData\Local\Programs\Python\Python39\Lib\threading.py first seen with mtime 1601934402.0
DEBUG 2020-12-24 04:24:42,772 autoreload 30744 3956 File C:\Users\dan\AppData\Local\Programs\Python\Python39\Lib\email\feedparser.py first seen with mtime 1601934402.0
DEBUG 2020-12-24 04:24:42,772 autoreload 30744 3956 File C:\Users\dan\AppData\Local\Programs\Python\Python39\Lib\encodings\cp1252.py first seen with mtime 1601934402.0
DEBUG 2020-12-24 04:24:42,772 autoreload 30744 3956 File C:\Users\dan\AppData\Local\Programs\Python\Python39\Lib\genericpath.py first seen with mtime 1601934402.0
DEBUG 2020-12-24 04:24:42,772 autoreload 30744 3956 File C:\Users\dan\just_django\myenvironmen\Lib\site-packages\django\contrib\auth\admin.py first seen with mtime 1605589994.8771837
DEBUG 2020-12-24 04:24:42,773 autoreload 30744 3956 File C:\Users\dan\just_django\myenvironmen\Lib\site-packages\django\db\models\functions\window.py first seen with mtime 1605589999.2532382
DEBUG 2020-12-24 04:24:42,773 autoreload 30744 3956 File C:\Users\dan\AppData\Local\Programs\Python\Python39\Lib\asyncio\events.py first seen with mtime 1601934402.0
DEBUG 2020-12-24 04:24:42,773 autoreload 30744 3956 File C:\Users\dan\just_django\myenvironmen\Lib\site-packages\django\contrib\admin\utils.py first seen with mtime 1605589993.8299825
DEBUG 2020-12-24 04:24:42,774 autoreload 30744 3956 File C:\Users\dan\just_django\myenvironmen\Lib\site-packages\django\db\models\functions\text.py first seen with mtime 1605589999.2522402
DEBUG 2020-12-24 04:24:42,774 autoreload 30744 3956 File C:\Users\dan\just_django\myenvironmen\Lib\site-packages\django\contrib\admin\templatetags\__init__.py first seen with mtime 1605589994.5141532
DEBUG 2020-12-24 04:24:42,774 autoreload 30744 3956 File C:\Users\dan\just_django\myenvironmen\Lib\site-packages\django\db\models\fields\files.py first seen with mtime 1605589999.2313354
DEBUG 2020-12-24 04:24:42,774 autoreload 30744 3956 File C:\Users\dan\AppData\Local\Programs\Python\Python39\Lib\selectors.py first seen with mtime 1601934402.0
DEBUG 2020-12-24 04:24:42,775 autoreload 30744 3956 File C:\Users\dan\just_django\myenvironmen\Lib\site-packages\django\template\backends\__init__.py first seen with mtime 1605589999.4497578
DEBUG 2020-12-24 04:24:42,775 autoreload 30744 3956 File C:\Users\dan\AppData\Local\Programs\Python\Python39\Lib\distutils\__init__.py first seen with mtime 1601934402.0
DEBUG 2020-12-24 04:24:42,775 autoreload 30744 3956 File C:\Users\dan\just_django\myenvironmen\Lib\site-packages\django\db\backends\base\validation.py first seen with mtime 1605589999.1016438
DEBUG 2020-12-24 04:24:42,776 autoreload 30744 3956 File C:\Users\dan\AppData\Local\Programs\Python\Python39\Lib\email\mime\base.py first seen with mtime 1601934402.0
DEBUG 2020-12-24 04:24:42,776 autoreload 30744 3956 File C:\Users\dan\just_django\myenvironmen\Lib\site-packages\django\db\models\lookups.py first seen with mtime 1605589999.2163403
DEBUG 2020-12-24 04:24:42,776 autoreload 30744 3956 File C:\Users\dan\AppData\Local\Programs\Python\Python39\Lib\wsgiref\__init__.py first seen with mtime 1601934402.0
DEBUG 2020-12-24 04:24:42,776 autoreload 30744 3956 File C:\Users\dan\AppData\Local\Programs\Python\Python39\Lib\_collections_abc.py first seen with mtime 1601934402.0
DEBUG 2020-12-24 04:24:42,777 autoreload 30744 3956 File C:\Users\dan\AppData\Local\Programs\Python\Python39\Lib\asyncio\threads.py first seen with mtime 1601934402.0
DEBUG 2020-12-24 04:24:42,777 autoreload 30744 3956 File C:\Users\dan\just_django\myenvironmen\Lib\site-packages\django\views\decorators\debug.py first seen with mtime 1605589999.6043434
DEBUG 2020-12-24 04:24:42,778 autoreload 30744 3956 File C:\Users\dan\just_django\myenvironmen\Lib\site-packages\django\urls\conf.py first seen with mtime 1605589999.4956307
DEBUG 2020-12-24 04:24:42,779 autoreload 30744 3956 File C:\Users\dan\just_django\myenvironmen\Lib\site-packages\django\views\generic\__init__.py first seen with mtime 1605589999.6133182
DEBUG 2020-12-24 04:24:42,779 autoreload 30744 3956 File C:\Users\dan\AppData\Local\Programs\Python\Python39\Lib\enum.py first seen with mtime 1601934402.0
DEBUG 2020-12-24 04:24:42,780 autoreload 30744 3956 File C:\Users\dan\AppData\Local\Programs\Python\Python39\Lib\_compat_pickle.py first seen with mtime 1601934402.0
DEBUG 2020-12-24 04:24:42,780 autoreload 30744 3956 File C:\Users\dan\just_django\myenvironmen\Lib\site-packages\django\utils\module_loading.py first seen with mtime 1605589999.554476
DEBUG 2020-12-24 04:24:42,781 autoreload 30744 3956 File C:\Users\dan\AppData\Local\Programs\Python\Python39\Lib\urllib\parse.py first seen with mtime 1601934402.0
DEBUG 2020-12-24 04:24:42,781 autoreload 30744 3956 File C:\Users\dan\AppData\Local\Programs\Python\Python39\Lib\datetime.py first seen with mtime 1601934402.0
DEBUG 2020-12-24 04:24:42,781 autoreload 30744 3956 File C:\Users\dan\AppData\Local\Programs\Python\Python39\Lib\bisect.py first seen with mtime 1601934402.0
DEBUG 2020-12-24 04:24:42,782 autoreload 30744 3956 File C:\Users\dan\AppData\Local\Programs\Python\Python39\Lib\html\entities.py first seen with mtime 1601934402.0
DEBUG 2020-12-24 04:24:42,782 autoreload 30744 3956 File C:\Users\dan\just_django\myenvironmen\Lib\site-packages\django\views\debug.py first seen with mtime 1605589999.589383
DEBUG 2020-12-24 04:24:42,782 autoreload 30744 3956 File C:\Users\dan\AppData\Local\Programs\Python\Python39\Lib\locale.py first seen with mtime 1601934402.0
DEBUG 2020-12-24 04:24:42,783 autoreload 30744 3956 File C:\Users\dan\just_django\myenvironmen\Lib\site-packages\django\contrib\auth\validators.py first seen with mtime 1605589994.9021149
DEBUG 2020-12-24 04:24:42,783 autoreload 30744 3956 File C:\Users\dan\just_django\myenvironmen\Lib\site-packages\django\db\models\fields\mixins.py first seen with mtime 1605589999.234291
DEBUG 2020-12-24 04:24:42,783 autoreload 30744 3956 File C:\Users\dan\AppData\Local\Programs\Python\Python39\Lib\warnings.py first seen with mtime 1601934402.0
DEBUG 2020-12-24 04:24:42,784 autoreload 30744 3956 File C:\Users\dan\just_django\myenvironmen\Lib\site-packages\django\forms\widgets.py first seen with mtime 1605589999.289143
DEBUG 2020-12-24 04:24:42,784 autoreload 30744 3956 File C:\Users\dan\AppData\Local\Programs\Python\Python39\Lib\asyncio\coroutines.py first seen with mtime 1601934402.0
DEBUG 2020-12-24 04:24:42,784 autoreload 30744 3956 File C:\Users\dan\just_django\myenvironmen\Lib\site-packages\django\core\handlers\base.py first seen with mtime 1605589998.987947
DEBUG 2020-12-24 04:24:42,785 autoreload 30744 3956 File C:\Users\dan\AppData\Local\Programs\Python\Python39\Lib\_sitebuiltins.py first seen with mtime 1601934402.0
DEBUG 2020-12-24 04:24:42,785 autoreload 30744 3956 File C:\Users\dan\AppData\Local\Programs\Python\Python39\Lib\email\contentmanager.py first seen with mtime 1601934402.0
DEBUG 2020-12-24 04:24:42,785 autoreload 30744 3956 File C:\Users\dan\just_django\myenvironmen\Lib\site-packages\django\db\backends\base\features.py first seen with mtime 1605589999.0946648
DEBUG 2020-12-24 04:24:42,785 autoreload 30744 3956 File C:\Users\dan\just_django\tryjango\fx\baseTable.py first seen with mtime 1605611996.6359785
DEBUG 2020-12-24 04:24:42,786 autoreload 30744 3956 File C:\Users\dan\just_django\myenvironmen\Lib\site-packages\django\db\transaction.py first seen with mtime 1605589999.0787077
DEBUG 2020-12-24 04:24:42,786 autoreload 30744 3956 File C:\Users\dan\just_django\myenvironmen\Lib\site-packages\django\apps\__init__.py first seen with mtime 1605589993.3532562
DEBUG 2020-12-24 04:24:42,786 autoreload 30744 3956 File C:\Users\dan\AppData\Local\Programs\Python\Python39\Lib\hmac.py first seen with mtime 1601934402.0
DEBUG 2020-12-24 04:24:42,787 autoreload 30744 3956 File C:\Users\dan\just_django\myenvironmen\Lib\site-packages\django\contrib\admin\templatetags\log.py first seen with mtime 1605589994.5191379
DEBUG 2020-12-24 04:24:42,787 autoreload 30744 3956 File C:\Users\dan\just_django\myenvironmen\Lib\site-packages\django\core\servers\basehttp.py first seen with mtime 1605589999.0747275
DEBUG 2020-12-24 04:24:42,787 utils 30744 15648 (0.015) 
            SELECT c.relname,
            CASE WHEN c.relispartition THEN 'p' WHEN c.relkind IN ('m', 'v') THEN 'v' ELSE 't' END
            FROM pg_catalog.pg_class c
            LEFT JOIN pg_catalog.pg_namespace n ON n.oid = c.relnamespace
            WHERE c.relkind IN ('f', 'm', 'p', 'r', 'v')
                AND n.nspname NOT IN ('pg_catalog', 'pg_toast')
                AND pg_catalog.pg_table_is_visible(c.oid)
        ; args=None
DEBUG 2020-12-24 04:24:42,788 autoreload 30744 3956 File C:\Users\dan\AppData\Local\Programs\Python\Python39\DLLs\_uuid.pyd first seen with mtime 1601934420.0
DEBUG 2020-12-24 04:24:42,790 autoreload 30744 3956 File C:\Users\dan\AppData\Local\Programs\Python\Python39\Lib\difflib.py first seen with mtime 1601934402.0
DEBUG 2020-12-24 04:24:42,791 autoreload 30744 3956 File C:\Users\dan\just_django\myenvironmen\Lib\site-packages\django\middleware\cache.py first seen with mtime 1605589999.415847
DEBUG 2020-12-24 04:24:42,791 autoreload 30744 3956 File C:\Users\dan\just_django\myenvironmen\Lib\site-packages\django\db\models\fields\related_lookups.py first seen with mtime 1605589999.2402737
DEBUG 2020-12-24 04:24:42,793 autoreload 30744 3956 File C:\Users\dan\just_django\myenvironmen\Lib\site-packages\django\template\base.py first seen with mtime 1605589999.4298103
DEBUG 2020-12-24 04:24:42,794 autoreload 30744 3956 File C:\Users\dan\AppData\Local\Programs\Python\Python39\Lib\nturl2path.py first seen with mtime 1601934402.0
DEBUG 2020-12-24 04:24:42,795 autoreload 30744 3956 File C:\Users\dan\just_django\myenvironmen\Lib\site-packages\django\middleware\__init__.py first seen with mtime 1605589999.4138503
DEBUG 2020-12-24 04:24:42,795 autoreload 30744 3956 File C:\Users\dan\just_django\myenvironmen\Lib\site-packages\django\forms\__init__.py first seen with mtime 1605589999.2761796
DEBUG 2020-12-24 04:24:42,796 utils 30744 15648 (0.000) SELECT "django_migrations"."id", "django_migrations"."app", "django_migrations"."name", "django_migrations"."applied" FROM "django_migrations"; args=()
DEBUG 2020-12-24 04:24:42,799 autoreload 30744 3956 File C:\Users\dan\AppData\Local\Programs\Python\Python39\DLLs\_bz2.pyd first seen with mtime 1601934420.0
DEBUG 2020-12-24 04:24:42,799 autoreload 30744 3956 File C:\Users\dan\just_django\myenvironmen\Lib\site-packages\django\db\models\fields\reverse_related.py first seen with mtime 1605589999.2422748
DEBUG 2020-12-24 04:24:42,800 autoreload 30744 3956 File C:\Users\dan\just_django\myenvironmen\Lib\site-packages\django\core\cache\backends\__init__.py first seen with mtime 1605589998.9340925
DEBUG 2020-12-24 04:24:42,800 autoreload 30744 3956 File C:\Users\dan\just_django\myenvironmen\Lib\site-packages\django\forms\boundfield.py first seen with mtime 1605589999.2781706
DEBUG 2020-12-24 04:24:42,800 autoreload 30744 3956 File C:\Users\dan\AppData\Local\Programs\Python\Python39\Lib\html\parser.py first seen with mtime 1601934402.0
DEBUG 2020-12-24 04:24:42,801 autoreload 30744 3956 File C:\Users\dan\just_django\myenvironmen\Lib\site-packages\django\core\checks\templates.py first seen with mtime 1605589998.95703
DEBUG 2020-12-24 04:24:42,801 autoreload 30744 3956 File C:\Users\dan\just_django\tryjango\trydjango\settings.py first seen with mtime 1608441157.1884332
DEBUG 2020-12-24 04:24:42,802 autoreload 30744 3956 File C:\Users\dan\just_django\myenvironmen\Lib\site-packages\django\core\serializers\base.py first seen with mtime 1605589999.06574
DEBUG 2020-12-24 04:24:42,802 autoreload 30744 3956 File C:\Users\dan\just_django\myenvironmen\Lib\site-packages\asgiref\current_thread_executor.py first seen with mtime 1605589993.275478
DEBUG 2020-12-24 04:24:42,803 autoreload 30744 3956 File C:\Users\dan\AppData\Local\Programs\Python\Python39\Lib\_weakrefset.py first seen with mtime 1601934402.0
DEBUG 2020-12-24 04:24:42,803 autoreload 30744 3956 File C:\Users\dan\just_django\myenvironmen\Lib\site-packages\django\template\context.py first seen with mtime 1605589999.4308095
DEBUG 2020-12-24 04:24:42,803 autoreload 30744 3956 File C:\Users\dan\just_django\myenvironmen\Lib\site-packages\django\templatetags\l10n.py first seen with mtime 1605589999.472698
DEBUG 2020-12-24 04:24:42,804 autoreload 30744 3956 File C:\Users\dan\AppData\Local\Programs\Python\Python39\Lib\email\header.py first seen with mtime 1601934402.0
